The system is: Windows - 10.0.19045 - AMD64
Compiling the C compiler identification source file "CMakeCCompilerId.c" succeeded.
Compiler: C:/Program Files (x86)/Microsoft Visual Studio/2019/Community/VC/Tools/MSVC/14.29.30133/bin/Hostx64/x64/cl.exe 
Build flags: 
Id flags:  

The output was:
0
Microsoft (R) C/C++ wersja kompilatora optymalizującego 19.29.30136 dla x64
Copyright (C) Microsoft Corporation. Wszystkie prawa zastrzeżone.

CMakeCCompilerId.c
Microsoft (R) Incremental Linker Version 14.29.30136.0
Copyright (C) Microsoft Corporation.  All rights reserved.

/out:CMakeCCompilerId.exe 
CMakeCCompilerId.obj 


Compilation of the C compiler identification source "CMakeCCompilerId.c" produced "CMakeCCompilerId.exe"

Compilation of the C compiler identification source "CMakeCCompilerId.c" produced "CMakeCCompilerId.obj"

The C compiler identification is MSVC, found in "C:/Users/Kinga/OneDrive - Akademia Górniczo-Hutnicza im. Stanisława Staszica w Krakowie/Pulpit/jpo/projekt/CMakeProject_KInga_Solarz/CMakeProject_KInga_Solarz/out/build/x64-Debug/CMakeFiles/3.20.21032501-MSVC_2/CompilerIdC/CMakeCCompilerId.exe"

Compiling the CXX compiler identification source file "CMakeCXXCompilerId.cpp" succeeded.
Compiler: C:/Program Files (x86)/Microsoft Visual Studio/2019/Community/VC/Tools/MSVC/14.29.30133/bin/Hostx64/x64/cl.exe 
Build flags: 
Id flags:  

The output was:
0
Microsoft (R) C/C++ wersja kompilatora optymalizującego 19.29.30136 dla x64
Copyright (C) Microsoft Corporation. Wszystkie prawa zastrzeżone.

CMakeCXXCompilerId.cpp
Microsoft (R) Incremental Linker Version 14.29.30136.0
Copyright (C) Microsoft Corporation.  All rights reserved.

/out:CMakeCXXCompilerId.exe 
CMakeCXXCompilerId.obj 


Compilation of the CXX compiler identification source "CMakeCXXCompilerId.cpp" produced "CMakeCXXCompilerId.exe"

Compilation of the CXX compiler identification source "CMakeCXXCompilerId.cpp" produced "CMakeCXXCompilerId.obj"

The CXX compiler identification is MSVC, found in "C:/Users/Kinga/OneDrive - Akademia Górniczo-Hutnicza im. Stanisława Staszica w Krakowie/Pulpit/jpo/projekt/CMakeProject_KInga_Solarz/CMakeProject_KInga_Solarz/out/build/x64-Debug/CMakeFiles/3.20.21032501-MSVC_2/CompilerIdCXX/CMakeCXXCompilerId.exe"

Detecting C compiler ABI info compiled with the following output:
Change Dir: C:/Users/Kinga/OneDrive - Akademia Górniczo-Hutnicza im. Stanisława Staszica w Krakowie/Pulpit/jpo/projekt/CMakeProject_KInga_Solarz/CMakeProject_KInga_Solarz/out/build/x64-Debug/CMakeFiles/CMakeTmp

Run Build Command(s):C:/Program Files (x86)/Microsoft Visual Studio/2019/Community/Common7/IDE/CommonExtensions/Microsoft/CMake/Ninja/ninja.exe cmTC_38767 && [1/2] Building C object CMakeFiles\cmTC_38767.dir\CMakeCCompilerABI.c.obj
[2/2] Linking C executable cmTC_38767.exe



Detecting CXX compiler ABI info compiled with the following output:
Change Dir: C:/Users/Kinga/OneDrive - Akademia Górniczo-Hutnicza im. Stanisława Staszica w Krakowie/Pulpit/jpo/projekt/CMakeProject_KInga_Solarz/CMakeProject_KInga_Solarz/out/build/x64-Debug/CMakeFiles/CMakeTmp

Run Build Command(s):C:/Program Files (x86)/Microsoft Visual Studio/2019/Community/Common7/IDE/CommonExtensions/Microsoft/CMake/Ninja/ninja.exe cmTC_da5cf && [1/2] Building CXX object CMakeFiles\cmTC_da5cf.dir\CMakeCXXCompilerABI.cpp.obj
[2/2] Linking CXX executable cmTC_da5cf.exe



